app/build/intermediates/manifest_merge_blame_file/debug/processDebugMainManifest/manifest-merger-blame-debug-report.txt
1<?xml version="1.0" encoding="utf-8"?>
2<manifest xmlns:android="http://schemas.android.com/apk/res/android"
3    package="com.example.highspeedcamera"
4    android:versionCode="1"
5    android:versionName="1.0" >
6
7    <uses-sdk
8        android:minSdkVersion="24"
9        android:targetSdkVersion="35" />
10
11    <!-- Camera and microphone permissions -->
12    <uses-permission android:name="android.permission.CAMERA" />
12-->src/main/AndroidManifest.xml:5:5-65
12-->src/main/AndroidManifest.xml:5:22-62
13    <uses-permission android:name="android.permission.RECORD_AUDIO" />
13-->src/main/AndroidManifest.xml:6:5-71
13-->src/main/AndroidManifest.xml:6:22-68
14    <uses-permission
14-->src/main/AndroidManifest.xml:7:5-8:38
15        android:name="android.permission.READ_EXTERNAL_STORAGE"
15-->src/main/AndroidManifest.xml:7:22-77
16        android:maxSdkVersion="32" />
16-->src/main/AndroidManifest.xml:8:9-35
17    <uses-permission
17-->src/main/AndroidManifest.xml:9:5-10:38
18        android:name="android.permission.WRITE_EXTERNAL_STORAGE"
18-->src/main/AndroidManifest.xml:9:22-78
19        android:maxSdkVersion="28" />
19-->src/main/AndroidManifest.xml:10:9-35
20    <uses-permission
20-->src/main/AndroidManifest.xml:11:5-12:38
21        android:name="android.permission.READ_MEDIA_VIDEO"
21-->src/main/AndroidManifest.xml:11:22-72
22        android:minSdkVersion="33" />
22-->src/main/AndroidManifest.xml:12:9-35
23
24    <!-- High-speed video feature declaration -->
25    <uses-feature
25-->src/main/AndroidManifest.xml:15:5-17:35
26        android:name="android.hardware.camera2"
26-->src/main/AndroidManifest.xml:16:9-48
27        android:required="true" />
27-->src/main/AndroidManifest.xml:17:9-32
28    <uses-feature
28-->src/main/AndroidManifest.xml:18:5-20:35
29        android:name="android.hardware.camera.any"
29-->src/main/AndroidManifest.xml:19:9-51
30        android:required="true" />
30-->src/main/AndroidManifest.xml:20:9-32
31
32    <permission
32-->[androidx.core:core:1.15.0] AndroidManifest.xml:22:5-24:47
33        android:name="com.example.highspeedcamera.DYNAMIC_RECEIVER_NOT_EXPORTED_PERMISSION"
33-->[androidx.core:core:1.15.0] AndroidManifest.xml:23:9-81
34        android:protectionLevel="signature" />
34-->[androidx.core:core:1.15.0] AndroidManifest.xml:24:9-44
35
36    <uses-permission android:name="com.example.highspeedcamera.DYNAMIC_RECEIVER_NOT_EXPORTED_PERMISSION" />
36-->[androidx.core:core:1.15.0] AndroidManifest.xml:26:5-97
36-->[androidx.core:core:1.15.0] AndroidManifest.xml:26:22-94
37
38    <application
38-->src/main/AndroidManifest.xml:22:5-55:19
39        android:allowBackup="true"
39-->src/main/AndroidManifest.xml:23:9-35
40        android:appComponentFactory="androidx.core.app.CoreComponentFactory"
40-->[androidx.core:core:1.15.0] AndroidManifest.xml:28:18-86
41        android:debuggable="true"
42        android:extractNativeLibs="false"
43        android:icon="@mipmap/ic_launcher"
43-->src/main/AndroidManifest.xml:24:9-43
44        android:label="HighSpeed Camera"
44-->src/main/AndroidManifest.xml:25:9-41
45        android:requestLegacyExternalStorage="true"
45-->src/main/AndroidManifest.xml:29:9-52
46        android:roundIcon="@mipmap/ic_launcher_round"
46-->src/main/AndroidManifest.xml:26:9-54
47        android:supportsRtl="true"
47-->src/main/AndroidManifest.xml:27:9-35
48        android:testOnly="true"
49        android:theme="@style/Theme.HighSpeedCamera" >
49-->src/main/AndroidManifest.xml:28:9-53
50        <activity
50-->src/main/AndroidManifest.xml:31:9-41:20
51            android:name="com.example.highspeedcamera.MainActivity"
51-->src/main/AndroidManifest.xml:32:13-41
52            android:exported="true"
52-->src/main/AndroidManifest.xml:33:13-36
53            android:label="HighSpeed Camera"
53-->src/main/AndroidManifest.xml:35:13-45
54            android:screenOrientation="portrait"
54-->src/main/AndroidManifest.xml:34:13-49
55            android:theme="@style/Theme.HighSpeedCamera.NoActionBar" >
55-->src/main/AndroidManifest.xml:36:13-69
56            <intent-filter>
56-->src/main/AndroidManifest.xml:37:13-40:29
57                <action android:name="android.intent.action.MAIN" />
57-->src/main/AndroidManifest.xml:38:17-69
57-->src/main/AndroidManifest.xml:38:25-66
58
59                <category android:name="android.intent.category.LAUNCHER" />
59-->src/main/AndroidManifest.xml:39:17-77
59-->src/main/AndroidManifest.xml:39:27-74
60            </intent-filter>
61        </activity>
62
63        <provider
64            android:name="androidx.core.content.FileProvider"
64-->src/main/AndroidManifest.xml:46:13-62
65            android:authorities="com.example.highspeedcamera.fileprovider"
65-->src/main/AndroidManifest.xml:47:13-64
66            android:exported="false"
66-->src/main/AndroidManifest.xml:48:13-37
67            android:grantUriPermissions="true" >
67-->src/main/AndroidManifest.xml:49:13-47
68            <meta-data
68-->src/main/AndroidManifest.xml:50:13-52:53
69                android:name="android.support.FILE_PROVIDER_PATHS"
69-->src/main/AndroidManifest.xml:51:17-67
70                android:resource="@xml/file_paths" />
70-->src/main/AndroidManifest.xml:52:17-51
71        </provider>
72        <provider
72-->[androidx.emoji2:emoji2:1.4.0] AndroidManifest.xml:24:9-32:20
73            android:name="androidx.startup.InitializationProvider"
73-->[androidx.emoji2:emoji2:1.4.0] AndroidManifest.xml:25:13-67
74            android:authorities="com.example.highspeedcamera.androidx-startup"
74-->[androidx.emoji2:emoji2:1.4.0] AndroidManifest.xml:26:13-68
75            android:exported="false" >
75-->[androidx.emoji2:emoji2:1.4.0] AndroidManifest.xml:27:13-37
76            <meta-data
76-->[androidx.emoji2:emoji2:1.4.0] AndroidManifest.xml:29:13-31:52
77                android:name="androidx.emoji2.text.EmojiCompatInitializer"
77-->[androidx.emoji2:emoji2:1.4.0] AndroidManifest.xml:30:17-75
78                android:value="androidx.startup" />
78-->[androidx.emoji2:emoji2:1.4.0] AndroidManifest.xml:31:17-49
79            <meta-data
79-->[androidx.lifecycle:lifecycle-process:2.9.4] AndroidManifest.xml:29:13-31:52
80                android:name="androidx.lifecycle.ProcessLifecycleInitializer"
80-->[androidx.lifecycle:lifecycle-process:2.9.4] AndroidManifest.xml:30:17-78
81                android:value="androidx.startup" />
81-->[androidx.lifecycle:lifecycle-process:2.9.4] AndroidManifest.xml:31:17-49
82            <meta-data
82-->[androidx.profileinstaller:profileinstaller:1.4.0] AndroidManifest.xml:29:13-31:52
83                android:name="androidx.profileinstaller.ProfileInstallerInitializer"
83-->[androidx.profileinstaller:profileinstaller:1.4.0] AndroidManifest.xml:30:17-85
84                android:value="androidx.startup" />
84-->[androidx.profileinstaller:profileinstaller:1.4.0] AndroidManifest.xml:31:17-49
85        </provider>
86
87        <receiver
87-->[androidx.profileinstaller:profileinstaller:1.4.0] AndroidManifest.xml:34:9-52:20
88            android:name="androidx.profileinstaller.ProfileInstallReceiver"
88-->[androidx.profileinstaller:profileinstaller:1.4.0] AndroidManifest.xml:35:13-76
89            android:directBootAware="false"
89-->[androidx.profileinstaller:profileinstaller:1.4.0] AndroidManifest.xml:36:13-44
90            android:enabled="true"
90-->[androidx.profileinstaller:profileinstaller:1.4.0] AndroidManifest.xml:37:13-35
91            android:exported="true"
91-->[androidx.profileinstaller:profileinstaller:1.4.0] AndroidManifest.xml:38:13-36
92            android:permission="android.permission.DUMP" >
92-->[androidx.profileinstaller:profileinstaller:1.4.0] AndroidManifest.xml:39:13-57
93            <intent-filter>
93-->[androidx.profileinstaller:profileinstaller:1.4.0] AndroidManifest.xml:40:13-42:29
94                <action android:name="androidx.profileinstaller.action.INSTALL_PROFILE" />
94-->[androidx.profileinstaller:profileinstaller:1.4.0] AndroidManifest.xml:41:17-91
94-->[androidx.profileinstaller:profileinstaller:1.4.0] AndroidManifest.xml:41:25-88
95            </intent-filter>
96            <intent-filter>
96-->[androidx.profileinstaller:profileinstaller:1.4.0] AndroidManifest.xml:43:13-45:29
97                <action android:name="androidx.profileinstaller.action.SKIP_FILE" />
97-->[androidx.profileinstaller:profileinstaller:1.4.0] AndroidManifest.xml:44:17-85
97-->[androidx.profileinstaller:profileinstaller:1.4.0] AndroidManifest.xml:44:25-82
98            </intent-filter>
99            <intent-filter>
99-->[androidx.profileinstaller:profileinstaller:1.4.0] AndroidManifest.xml:46:13-48:29
100                <action android:name="androidx.profileinstaller.action.SAVE_PROFILE" />
100-->[androidx.profileinstaller:profileinstaller:1.4.0] AndroidManifest.xml:47:17-88
100-->[androidx.profileinstaller:profileinstaller:1.4.0] AndroidManifest.xml:47:25-85
101            </intent-filter>
102            <intent-filter>
102-->[androidx.profileinstaller:profileinstaller:1.4.0] AndroidManifest.xml:49:13-51:29
103                <action android:name="androidx.profileinstaller.action.BENCHMARK_OPERATION" />
103-->[androidx.profileinstaller:profileinstaller:1.4.0] AndroidManifest.xml:50:17-95
103-->[androidx.profileinstaller:profileinstaller:1.4.0] AndroidManifest.xml:50:25-92
104            </intent-filter>
105        </receiver>
106    </application>
107
108</manifest>